#-----------------------------------------------------------
# Vivado v2018.3 (64-bit)
# SW Build 2405991 on Thu Dec  6 23:38:27 MST 2018
# IP Build 2404404 on Fri Dec  7 01:43:56 MST 2018
# Start of session at: Wed May  6 20:08:55 2020
# Process ID: 70164
# Current directory: C:/Users/uhtrk/Desktop/vhdl/ex2/pes_dhl_ex2/Ex2
# Command line: vivado.exe -gui_launcher_event rodinguilauncherevent7600 C:\Users\uhtrk\Desktop\vhdl\ex2\pes_dhl_ex2\Ex2\ex2.xpr
# Log file: C:/Users/uhtrk/Desktop/vhdl/ex2/pes_dhl_ex2/Ex2/vivado.log
# Journal file: C:/Users/uhtrk/Desktop/vhdl/ex2/pes_dhl_ex2/Ex2\vivado.jou
#-----------------------------------------------------------
start_gui
open_project C:/Users/uhtrk/Desktop/vhdl/ex2/pes_dhl_ex2/Ex2/ex2.xpr
Scanning sources...
Finished scanning sources
INFO: [Common 17-41] Interrupt caught. Command should exit soon.
INFO: [IP_Flow 19-234] Refreshing IP repositories
INFO: [IP_Flow 19-1704] No user IP repositories specified
INFO: [IP_Flow 19-2338] Canceling the changes to the IP catalog. Reverting the catalog back to its previous state.
INFO: [IP_Flow 19-2340] The IP catalog has been returned to its previous state.
INFO: [Common 17-344] 'open_project' was cancelled
